{"C:\\Git_Repositories\\Q2\\Vue.js\\Calculator\\src\\App.vue": {"path":"C:\\Git_Repositories\\Q2\\Vue.js\\Calculator\\src\\App.vue","statementMap":{"0":{"start":{"line":10,"column":0},"end":{"line":10,"column":null}},"1":{"start":{"line":18,"column":0},"end":{"line":18,"column":null}},"2":{"start":{"line":27,"column":0},"end":{"line":27,"column":null}}},"fnMap":{"0":{"name":"(anonymous_1)","decl":{"start":{"line":17,"column":0},"end":{"line":17,"column":null}},"loc":{"start":{"line":17,"column":0},"end":{"line":24,"column":null}}},"1":{"name":"(anonymous_2)","decl":{"start":{"line":26,"column":0},"end":{"line":26,"column":null}},"loc":{"start":{"line":26,"column":0},"end":{"line":28,"column":null}}}},"branchMap":{},"s":{"0":0,"1":0,"2":0},"f":{"0":0,"1":0},"b":{}}
,"C:\\Git_Repositories\\Q2\\Vue.js\\Calculator\\src\\components\\MyCalculator.vue": {"path":"C:\\Git_Repositories\\Q2\\Vue.js\\Calculator\\src\\components\\MyCalculator.vue","statementMap":{"0":{"start":{"line":71,"column":0},"end":{"line":71,"column":null}},"1":{"start":{"line":87,"column":0},"end":{"line":87,"column":null}},"2":{"start":{"line":90,"column":0},"end":{"line":90,"column":null}},"3":{"start":{"line":93,"column":0},"end":{"line":93,"column":null}},"4":{"start":{"line":96,"column":0},"end":{"line":96,"column":null}},"5":{"start":{"line":97,"column":0},"end":{"line":99,"column":null}},"6":{"start":{"line":97,"column":0},"end":{"line":97,"column":null}},"7":{"start":{"line":98,"column":0},"end":{"line":98,"column":null}},"8":{"start":{"line":100,"column":0},"end":{"line":100,"column":null}},"9":{"start":{"line":105,"column":0},"end":{"line":105,"column":null}},"10":{"start":{"line":108,"column":0},"end":{"line":108,"column":null}},"11":{"start":{"line":112,"column":0},"end":{"line":112,"column":null}},"12":{"start":{"line":113,"column":0},"end":{"line":113,"column":null}},"13":{"start":{"line":114,"column":0},"end":{"line":114,"column":null}},"14":{"start":{"line":116,"column":0},"end":{"line":116,"column":null}},"15":{"start":{"line":117,"column":0},"end":{"line":117,"column":null}},"16":{"start":{"line":119,"column":0},"end":{"line":119,"column":null}},"17":{"start":{"line":120,"column":0},"end":{"line":120,"column":null}},"18":{"start":{"line":122,"column":0},"end":{"line":122,"column":null}},"19":{"start":{"line":123,"column":0},"end":{"line":123,"column":null}},"20":{"start":{"line":125,"column":0},"end":{"line":125,"column":null}},"21":{"start":{"line":126,"column":0},"end":{"line":126,"column":null}},"22":{"start":{"line":128,"column":0},"end":{"line":128,"column":null}},"23":{"start":{"line":129,"column":0},"end":{"line":129,"column":null}},"24":{"start":{"line":131,"column":0},"end":{"line":131,"column":null}},"25":{"start":{"line":132,"column":0},"end":{"line":132,"column":null}},"26":{"start":{"line":134,"column":0},"end":{"line":134,"column":null}},"27":{"start":{"line":135,"column":0},"end":{"line":135,"column":null}},"28":{"start":{"line":136,"column":0},"end":{"line":136,"column":null}},"29":{"start":{"line":139,"column":0},"end":{"line":139,"column":null}},"30":{"start":{"line":143,"column":0},"end":{"line":143,"column":null}},"31":{"start":{"line":144,"column":0},"end":{"line":144,"column":null}},"32":{"start":{"line":147,"column":0},"end":{"line":147,"column":null}},"33":{"start":{"line":150,"column":0},"end":{"line":154,"column":null}},"34":{"start":{"line":151,"column":0},"end":{"line":151,"column":null}},"35":{"start":{"line":153,"column":0},"end":{"line":153,"column":null}},"36":{"start":{"line":157,"column":0},"end":{"line":157,"column":null}},"37":{"start":{"line":174,"column":0},"end":{"line":174,"column":null}},"38":{"start":{"line":177,"column":0},"end":{"line":181,"column":null}},"39":{"start":{"line":178,"column":0},"end":{"line":178,"column":null}},"40":{"start":{"line":180,"column":0},"end":{"line":180,"column":null}},"41":{"start":{"line":184,"column":0},"end":{"line":184,"column":null}},"42":{"start":{"line":188,"column":0},"end":{"line":192,"column":null}},"43":{"start":{"line":189,"column":0},"end":{"line":189,"column":null}},"44":{"start":{"line":191,"column":0},"end":{"line":191,"column":null}},"45":{"start":{"line":196,"column":0},"end":{"line":196,"column":null}},"46":{"start":{"line":197,"column":0},"end":{"line":200,"column":null}},"47":{"start":{"line":198,"column":0},"end":{"line":198,"column":null}},"48":{"start":{"line":199,"column":0},"end":{"line":199,"column":null}},"49":{"start":{"line":201,"column":0},"end":{"line":201,"column":null}},"50":{"start":{"line":202,"column":0},"end":{"line":202,"column":null}}},"fnMap":{"0":{"name":"data","decl":{"start":{"line":70,"column":0},"end":{"line":70,"column":null}},"loc":{"start":{"line":70,"column":0},"end":{"line":84,"column":null}}},"1":{"name":"messageComputed","decl":{"start":{"line":86,"column":0},"end":{"line":86,"column":null}},"loc":{"start":{"line":86,"column":0},"end":{"line":88,"column":null}}},"2":{"name":"fibOperand1","decl":{"start":{"line":89,"column":0},"end":{"line":89,"column":null}},"loc":{"start":{"line":89,"column":0},"end":{"line":91,"column":null}}},"3":{"name":"fibOperand2","decl":{"start":{"line":92,"column":0},"end":{"line":92,"column":null}},"loc":{"start":{"line":92,"column":0},"end":{"line":94,"column":null}}},"4":{"name":"createKbrdBtns","decl":{"start":{"line":95,"column":0},"end":{"line":95,"column":null}},"loc":{"start":{"line":95,"column":0},"end":{"line":101,"column":null}}},"5":{"name":"logs","decl":{"start":{"line":104,"column":0},"end":{"line":104,"column":null}},"loc":{"start":{"line":104,"column":0},"end":{"line":109,"column":null}}},"6":{"name":"calculate","decl":{"start":{"line":112,"column":0},"end":{"line":112,"column":null}},"loc":{"start":{"line":112,"column":0},"end":{"line":137,"column":null}}},"7":{"name":"getBtnStatusDisabled","decl":{"start":{"line":138,"column":0},"end":{"line":138,"column":null}},"loc":{"start":{"line":138,"column":0},"end":{"line":140,"column":null}}},"8":{"name":"add","decl":{"start":{"line":142,"column":0},"end":{"line":142,"column":null}},"loc":{"start":{"line":142,"column":0},"end":{"line":145,"column":null}}},"9":{"name":"substract","decl":{"start":{"line":146,"column":0},"end":{"line":146,"column":null}},"loc":{"start":{"line":146,"column":0},"end":{"line":148,"column":null}}},"10":{"name":"devide","decl":{"start":{"line":149,"column":0},"end":{"line":149,"column":null}},"loc":{"start":{"line":149,"column":0},"end":{"line":155,"column":null}}},"11":{"name":"multiply","decl":{"start":{"line":156,"column":0},"end":{"line":156,"column":null}},"loc":{"start":{"line":156,"column":0},"end":{"line":158,"column":null}}},"12":{"name":"exponentiation","decl":{"start":{"line":173,"column":0},"end":{"line":173,"column":null}},"loc":{"start":{"line":173,"column":0},"end":{"line":175,"column":null}}},"13":{"name":"trnc","decl":{"start":{"line":176,"column":0},"end":{"line":176,"column":null}},"loc":{"start":{"line":176,"column":0},"end":{"line":182,"column":null}}},"14":{"name":"fib","decl":{"start":{"line":183,"column":0},"end":{"line":183,"column":null}},"loc":{"start":{"line":183,"column":0},"end":{"line":185,"column":null}}},"15":{"name":"addNumFromKbrd","decl":{"start":{"line":187,"column":0},"end":{"line":187,"column":null}},"loc":{"start":{"line":187,"column":0},"end":{"line":193,"column":null}}},"16":{"name":"calcNumFromKbrd","decl":{"start":{"line":195,"column":0},"end":{"line":195,"column":null}},"loc":{"start":{"line":195,"column":0},"end":{"line":203,"column":null}}}},"branchMap":{"0":{"loc":{"start":{"line":112,"column":0},"end":{"line":112,"column":null}},"type":"cond-expr","locations":[{"start":{"line":112,"column":0},"end":{"line":112,"column":null}},{"start":{"line":112,"column":0},"end":{"line":112,"column":null}}]},"1":{"loc":{"start":{"line":114,"column":0},"end":{"line":114,"column":null}},"type":"switch","locations":[{"start":{"line":115,"column":0},"end":{"line":117,"column":null}},{"start":{"line":118,"column":0},"end":{"line":120,"column":null}},{"start":{"line":121,"column":0},"end":{"line":123,"column":null}},{"start":{"line":124,"column":0},"end":{"line":126,"column":null}},{"start":{"line":127,"column":0},"end":{"line":129,"column":null}},{"start":{"line":130,"column":0},"end":{"line":132,"column":null}}]},"2":{"loc":{"start":{"line":139,"column":0},"end":{"line":139,"column":null}},"type":"binary-expr","locations":[{"start":{"line":139,"column":0},"end":{"line":139,"column":null}},{"start":{"line":139,"column":0},"end":{"line":139,"column":null}},{"start":{"line":139,"column":0},"end":{"line":139,"column":null}}]},"3":{"loc":{"start":{"line":150,"column":0},"end":{"line":154,"column":null}},"type":"if","locations":[{"start":{"line":150,"column":0},"end":{"line":154,"column":null}},{"start":{"line":152,"column":0},"end":{"line":154,"column":null}}]},"4":{"loc":{"start":{"line":177,"column":0},"end":{"line":181,"column":null}},"type":"if","locations":[{"start":{"line":177,"column":0},"end":{"line":181,"column":null}},{"start":{"line":179,"column":0},"end":{"line":181,"column":null}}]},"5":{"loc":{"start":{"line":177,"column":0},"end":{"line":177,"column":null}},"type":"binary-expr","locations":[{"start":{"line":177,"column":0},"end":{"line":177,"column":null}},{"start":{"line":177,"column":0},"end":{"line":177,"column":null}}]},"6":{"loc":{"start":{"line":184,"column":0},"end":{"line":184,"column":null}},"type":"cond-expr","locations":[{"start":{"line":184,"column":0},"end":{"line":184,"column":null}},{"start":{"line":184,"column":0},"end":{"line":184,"column":null}}]},"7":{"loc":{"start":{"line":188,"column":0},"end":{"line":192,"column":null}},"type":"if","locations":[{"start":{"line":188,"column":0},"end":{"line":192,"column":null}},{"start":{"line":190,"column":0},"end":{"line":192,"column":null}}]},"8":{"loc":{"start":{"line":197,"column":0},"end":{"line":200,"column":null}},"type":"if","locations":[{"start":{"line":197,"column":0},"end":{"line":200,"column":null}}]}},"s":{"0":3,"1":3,"2":1,"3":1,"4":3,"5":3,"6":3,"7":30,"8":3,"9":1,"10":1,"11":1,"12":1,"13":1,"14":1,"15":1,"16":0,"17":0,"18":0,"19":0,"20":0,"21":0,"22":0,"23":0,"24":0,"25":0,"26":1,"27":1,"28":1,"29":36,"30":1,"31":1,"32":0,"33":0,"34":0,"35":0,"36":0,"37":0,"38":0,"39":0,"40":0,"41":50,"42":0,"43":0,"44":0,"45":0,"46":0,"47":0,"48":0,"49":0,"50":0},"f":{"0":3,"1":3,"2":1,"3":1,"4":3,"5":1,"6":1,"7":36,"8":1,"9":0,"10":0,"11":0,"12":0,"13":0,"14":50,"15":0,"16":0},"b":{"0":[2,1],"1":[1,0,0,0,0,0],"2":[36,30,12],"3":[0,0],"4":[0,0],"5":[0,0],"6":[26,24],"7":[0,0],"8":[0]}}
,"C:\\Git_Repositories\\Q2\\Vue.js\\Calculator\\src\\components\\VuexComp.vue": {"path":"C:\\Git_Repositories\\Q2\\Vue.js\\Calculator\\src\\components\\VuexComp.vue","statementMap":{"0":{"start":{"line":9,"column":0},"end":{"line":9,"column":null}},"1":{"start":{"line":16,"column":0},"end":{"line":16,"column":null}},"2":{"start":{"line":23,"column":0},"end":{"line":23,"column":null}}},"fnMap":{"0":{"name":"data","decl":{"start":{"line":15,"column":0},"end":{"line":15,"column":null}},"loc":{"start":{"line":15,"column":0},"end":{"line":19,"column":null}}},"1":{"name":"onSave","decl":{"start":{"line":22,"column":0},"end":{"line":22,"column":null}},"loc":{"start":{"line":22,"column":0},"end":{"line":24,"column":null}}}},"branchMap":{},"s":{"0":1,"1":1,"2":1},"f":{"0":1,"1":1},"b":{}}
}
