TN:
SF:src\App.vue
FN:17,(anonymous_1)
FN:26,(anonymous_2)
FNF:2
FNH:0
FNDA:0,(anonymous_1)
FNDA:0,(anonymous_2)
DA:10,0
DA:18,0
DA:27,0
LF:3
LH:0
BRF:0
BRH:0
end_of_record
TN:
SF:src\components\MyCalculator.vue
FN:70,data
FN:86,messageComputed
FN:89,fibOperand1
FN:92,fibOperand2
FN:95,createKbrdBtns
FN:104,logs
FN:112,calculate
FN:138,getBtnStatusDisabled
FN:142,add
FN:146,substract
FN:149,devide
FN:156,multiply
FN:173,exponentiation
FN:176,trnc
FN:183,fib
FN:187,addNumFromKbrd
FN:195,calcNumFromKbrd
FNF:17
FNH:0
FNDA:0,data
FNDA:0,messageComputed
FNDA:0,fibOperand1
FNDA:0,fibOperand2
FNDA:0,createKbrdBtns
FNDA:0,logs
FNDA:0,calculate
FNDA:0,getBtnStatusDisabled
FNDA:0,add
FNDA:0,substract
FNDA:0,devide
FNDA:0,multiply
FNDA:0,exponentiation
FNDA:0,trnc
FNDA:0,fib
FNDA:0,addNumFromKbrd
FNDA:0,calcNumFromKbrd
DA:71,0
DA:87,0
DA:90,0
DA:93,0
DA:96,0
DA:97,0
DA:98,0
DA:100,0
DA:105,0
DA:108,0
DA:112,0
DA:113,0
DA:114,0
DA:116,0
DA:117,0
DA:119,0
DA:120,0
DA:122,0
DA:123,0
DA:125,0
DA:126,0
DA:128,0
DA:129,0
DA:131,0
DA:132,0
DA:134,0
DA:135,0
DA:136,0
DA:139,0
DA:143,0
DA:144,0
DA:147,0
DA:150,0
DA:151,0
DA:153,0
DA:157,0
DA:174,0
DA:177,0
DA:178,0
DA:180,0
DA:184,0
DA:188,0
DA:189,0
DA:191,0
DA:196,0
DA:197,0
DA:198,0
DA:199,0
DA:201,0
DA:202,0
LF:50
LH:0
BRDA:112,0,0,0
BRDA:112,0,1,0
BRDA:114,1,0,0
BRDA:114,1,1,0
BRDA:114,1,2,0
BRDA:114,1,3,0
BRDA:114,1,4,0
BRDA:114,1,5,0
BRDA:139,2,0,0
BRDA:139,2,1,0
BRDA:139,2,2,0
BRDA:150,3,0,0
BRDA:150,3,1,0
BRDA:177,4,0,0
BRDA:177,4,1,0
BRDA:177,5,0,0
BRDA:177,5,1,0
BRDA:184,6,0,0
BRDA:184,6,1,0
BRDA:188,7,0,0
BRDA:188,7,1,0
BRDA:197,8,0,0
BRF:22
BRH:0
end_of_record
TN:
SF:src\components\VuexComp.vue
FN:15,data
FN:22,onSave
FNF:2
FNH:1
FNDA:1,data
FNDA:0,onSave
DA:9,1
DA:16,1
DA:23,0
LF:3
LH:2
BRF:0
BRH:0
end_of_record
