TN:
SF:src\App.vue
FN:17,(anonymous_1)
FN:26,(anonymous_2)
FNF:2
FNH:0
FNDA:0,(anonymous_1)
FNDA:0,(anonymous_2)
DA:10,0
DA:18,0
DA:27,0
LF:3
LH:0
BRF:0
BRH:0
end_of_record
TN:
SF:src\components\MyCalculator.vue
FN:70,data
FN:86,messageComputed
FN:89,fibOperand1
FN:92,fibOperand2
FN:95,createKbrdBtns
FN:104,logs
FN:112,calculate
FN:138,getBtnStatusDisabled
FN:142,add
FN:146,substract
FN:149,devide
FN:156,multiply
FN:173,exponentiation
FN:176,trnc
FN:183,fib
FN:187,addNumFromKbrd
FN:195,calcNumFromKbrd
FNF:17
FNH:10
FNDA:3,data
FNDA:3,messageComputed
FNDA:1,fibOperand1
FNDA:1,fibOperand2
FNDA:3,createKbrdBtns
FNDA:1,logs
FNDA:1,calculate
FNDA:36,getBtnStatusDisabled
FNDA:1,add
FNDA:0,substract
FNDA:0,devide
FNDA:0,multiply
FNDA:0,exponentiation
FNDA:0,trnc
FNDA:50,fib
FNDA:0,addNumFromKbrd
FNDA:0,calcNumFromKbrd
DA:71,3
DA:87,3
DA:90,1
DA:93,1
DA:96,3
DA:97,3
DA:98,30
DA:100,3
DA:105,1
DA:108,1
DA:112,1
DA:113,1
DA:114,1
DA:116,1
DA:117,1
DA:119,0
DA:120,0
DA:122,0
DA:123,0
DA:125,0
DA:126,0
DA:128,0
DA:129,0
DA:131,0
DA:132,0
DA:134,1
DA:135,1
DA:136,1
DA:139,36
DA:143,1
DA:144,1
DA:147,0
DA:150,0
DA:151,0
DA:153,0
DA:157,0
DA:174,0
DA:177,0
DA:178,0
DA:180,0
DA:184,50
DA:188,0
DA:189,0
DA:191,0
DA:196,0
DA:197,0
DA:198,0
DA:199,0
DA:201,0
DA:202,0
LF:50
LH:22
BRDA:112,0,0,2
BRDA:112,0,1,1
BRDA:114,1,0,1
BRDA:114,1,1,0
BRDA:114,1,2,0
BRDA:114,1,3,0
BRDA:114,1,4,0
BRDA:114,1,5,0
BRDA:139,2,0,36
BRDA:139,2,1,30
BRDA:139,2,2,12
BRDA:150,3,0,0
BRDA:150,3,1,0
BRDA:177,4,0,0
BRDA:177,4,1,0
BRDA:177,5,0,0
BRDA:177,5,1,0
BRDA:184,6,0,26
BRDA:184,6,1,24
BRDA:188,7,0,0
BRDA:188,7,1,0
BRDA:197,8,0,0
BRF:22
BRH:8
end_of_record
TN:
SF:src\components\VuexComp.vue
FN:15,data
FN:22,onSave
FNF:2
FNH:2
FNDA:1,data
FNDA:1,onSave
DA:9,1
DA:16,1
DA:23,1
LF:3
LH:3
BRF:0
BRH:0
end_of_record
